TN:
SF:src\app\App.tsx
FN:6,App
FNF:1
FNH:1
FNDA:3,App
DA:1,1
DA:2,1
DA:3,1
DA:4,1
DA:5,1
DA:6,1
DA:7,3
DA:8,3
DA:9,3
DA:10,3
DA:11,1
DA:12,1
LF:12
LH:12
BRDA:6,0,0,3
BRF:1
BRH:1
end_of_record
TN:
SF:src\components\Form\Form.tsx
FN:16,Form
FN:31,submitHandler
FN:64,get
FNF:3
FNH:3
FNDA:1,Form
FNDA:1,submitHandler
FNDA:1,get
DA:1,1
DA:2,1
DA:3,1
DA:4,1
DA:5,1
DA:6,1
DA:7,1
DA:8,1
DA:9,1
DA:10,1
DA:11,1
DA:12,1
DA:13,1
DA:14,1
DA:15,1
DA:16,1
DA:17,1
DA:18,1
DA:19,1
DA:20,1
DA:21,1
DA:22,1
DA:23,1
DA:24,1
DA:25,1
DA:26,1
DA:27,1
DA:28,1
DA:29,1
DA:30,1
DA:31,1
DA:32,1
DA:33,1
DA:34,1
DA:35,1
DA:36,1
DA:37,1
DA:38,1
DA:39,1
DA:40,1
DA:41,1
DA:42,0
DA:43,0
DA:44,1
DA:45,1
DA:46,1
DA:47,1
DA:48,1
DA:49,1
DA:50,1
DA:51,1
DA:52,1
DA:53,1
DA:54,1
DA:55,1
DA:56,1
DA:57,1
DA:58,1
DA:59,1
DA:60,1
DA:61,1
DA:62,1
DA:63,1
DA:64,1
LF:64
LH:62
BRDA:16,0,0,1
BRDA:61,1,0,0
BRDA:31,2,0,1
BRDA:64,3,0,1
BRF:4
BRH:3
end_of_record
TN:
SF:src\components\Form\Modal\Modal.tsx
FN:5,Modal
FN:13,get
FNF:2
FNH:2
FNDA:1,Modal
FNDA:1,get
DA:1,1
DA:2,1
DA:3,1
DA:4,1
DA:5,1
DA:6,1
DA:7,1
DA:8,1
DA:9,1
DA:10,1
DA:11,1
DA:12,1
DA:13,1
LF:13
LH:13
BRDA:5,0,0,1
BRDA:13,1,0,1
BRF:2
BRH:2
end_of_record
TN:
SF:src\components\Form\fields\AddInfo\AddInfo.tsx
FN:13,AddInfo
FN:15,validate
FN:39,get
FNF:3
FNH:2
FNDA:1,AddInfo
FNDA:0,validate
FNDA:1,get
DA:1,1
DA:2,1
DA:3,1
DA:4,1
DA:5,1
DA:6,1
DA:7,1
DA:8,1
DA:9,1
DA:10,1
DA:11,1
DA:12,1
DA:13,1
DA:14,1
DA:15,1
DA:16,0
DA:17,0
DA:18,0
DA:19,0
DA:20,1
DA:21,1
DA:22,1
DA:23,1
DA:24,1
DA:25,1
DA:26,1
DA:27,1
DA:28,3
DA:29,3
DA:30,3
DA:31,3
DA:32,1
DA:33,1
DA:34,1
DA:35,1
DA:36,1
DA:37,1
DA:38,1
DA:39,1
LF:39
LH:35
BRDA:13,0,0,1
BRDA:35,1,0,0
BRDA:27,2,0,3
BRDA:39,3,0,1
BRF:4
BRH:3
end_of_record
TN:
SF:src\components\Form\fields\Country\Country.tsx
FN:12,Country
FN:13,validateHandler
FN:42,get
FNF:3
FNH:3
FNDA:1,Country
FNDA:1,validateHandler
FNDA:1,get
DA:1,1
DA:2,1
DA:3,1
DA:4,1
DA:5,1
DA:6,1
DA:7,1
DA:8,1
DA:9,1
DA:10,1
DA:11,1
DA:12,1
DA:13,1
DA:14,1
DA:15,1
DA:16,1
DA:17,1
DA:18,1
DA:19,1
DA:20,1
DA:21,1
DA:22,1
DA:23,1
DA:24,1
DA:25,1
DA:26,1
DA:27,1
DA:28,1
DA:29,1
DA:30,1
DA:31,1
DA:32,3
DA:33,3
DA:34,3
DA:35,1
DA:36,1
DA:37,1
DA:38,1
DA:39,1
DA:40,1
DA:41,1
DA:42,1
LF:42
LH:42
BRDA:12,0,0,1
BRDA:38,1,0,0
BRDA:13,2,0,1
BRDA:14,3,0,0
BRDA:31,4,0,3
BRDA:42,5,0,1
BRF:6
BRH:4
end_of_record
TN:
SF:src\components\Form\fields\Error\FormError.tsx
FN:5,FormError
FN:7,get
FNF:2
FNH:2
FNDA:7,FormError
FNDA:7,get
DA:1,1
DA:2,1
DA:3,1
DA:4,1
DA:5,1
DA:6,7
DA:7,7
LF:7
LH:7
BRDA:5,0,0,7
BRDA:6,1,0,0
BRDA:7,2,0,7
BRF:3
BRH:2
end_of_record
TN:
SF:src\components\Form\fields\Experience\Experience.tsx
FN:10,Experience
FN:11,validateHandler
FN:35,get
FNF:3
FNH:3
FNDA:1,Experience
FNDA:1,validateHandler
FNDA:1,get
DA:1,1
DA:2,1
DA:3,1
DA:4,1
DA:5,1
DA:6,1
DA:7,1
DA:8,1
DA:9,1
DA:10,1
DA:11,1
DA:12,1
DA:13,1
DA:14,1
DA:15,1
DA:16,1
DA:17,1
DA:18,1
DA:19,1
DA:20,1
DA:21,1
DA:22,1
DA:23,1
DA:24,1
DA:25,1
DA:26,1
DA:27,1
DA:28,1
DA:29,1
DA:30,1
DA:31,1
DA:32,1
DA:33,1
DA:34,1
DA:35,1
LF:35
LH:35
BRDA:10,0,0,1
BRDA:32,1,0,0
BRDA:11,2,0,1
BRDA:13,3,0,0
BRDA:35,4,0,1
BRF:5
BRH:3
end_of_record
TN:
SF:src\components\Form\fields\Hire\Hire.tsx
FN:12,Hire
FN:34,get
FNF:2
FNH:2
FNDA:1,Hire
FNDA:1,get
DA:1,1
DA:2,1
DA:3,1
DA:4,1
DA:5,1
DA:6,1
DA:7,1
DA:8,1
DA:9,1
DA:10,1
DA:11,1
DA:12,1
DA:13,1
DA:14,1
DA:15,1
DA:16,1
DA:17,1
DA:18,1
DA:19,1
DA:20,1
DA:21,1
DA:22,1
DA:23,1
DA:24,1
DA:25,1
DA:26,1
DA:27,1
DA:28,1
DA:29,1
DA:30,1
DA:31,1
DA:32,1
DA:33,1
DA:34,1
LF:34
LH:34
BRDA:12,0,0,1
BRDA:31,1,0,0
BRDA:34,2,0,1
BRF:3
BRH:2
end_of_record
TN:
SF:src\components\Form\fields\Photo\Photo.tsx
FN:11,Photo
FN:20,uploadHandler
FN:54,get
FNF:3
FNH:3
FNDA:2,Photo
FNDA:1,uploadHandler
FNDA:1,get
DA:1,1
DA:2,1
DA:3,1
DA:4,1
DA:5,1
DA:6,1
DA:7,1
DA:8,1
DA:9,1
DA:10,1
DA:11,1
DA:12,2
DA:13,2
DA:14,2
DA:15,1
DA:16,0
DA:17,0
DA:18,2
DA:19,2
DA:20,2
DA:21,1
DA:22,1
DA:23,1
DA:24,1
DA:25,1
DA:26,1
DA:27,2
DA:28,2
DA:29,2
DA:30,2
DA:31,2
DA:32,2
DA:33,2
DA:34,2
DA:35,2
DA:36,2
DA:37,2
DA:38,2
DA:39,2
DA:40,2
DA:41,2
DA:42,2
DA:43,2
DA:44,2
DA:45,2
DA:46,2
DA:47,2
DA:48,2
DA:49,2
DA:50,2
DA:51,2
DA:52,2
DA:53,2
DA:54,1
LF:54
LH:52
BRDA:11,0,0,2
BRDA:49,1,0,1
BRDA:49,2,0,1
BRDA:51,3,0,0
BRDA:14,4,0,1
BRDA:15,5,0,0
BRDA:20,6,0,1
BRDA:54,7,0,1
BRF:8
BRH:6
end_of_record
TN:
SF:src\components\Form\fields\UserName\UserName.tsx
FN:10,UserName
FN:31,get
FNF:2
FNH:2
FNDA:1,UserName
FNDA:1,get
DA:1,1
DA:2,1
DA:3,1
DA:4,1
DA:5,1
DA:6,1
DA:7,1
DA:8,1
DA:9,1
DA:10,1
DA:11,1
DA:12,1
DA:13,1
DA:14,1
DA:15,1
DA:16,1
DA:17,1
DA:18,1
DA:19,1
DA:20,1
DA:21,1
DA:22,1
DA:23,1
DA:24,1
DA:25,1
DA:26,1
DA:27,1
DA:28,1
DA:29,1
DA:30,1
DA:31,1
LF:31
LH:31
BRDA:10,0,0,1
BRDA:27,1,0,0
BRDA:31,2,0,1
BRF:3
BRH:2
end_of_record
TN:
SF:src\components\Form\users\User\User.tsx
FN:19,User
FNF:1
FNH:1
FNDA:2,User
DA:1,1
DA:2,1
DA:3,1
DA:4,1
DA:5,1
DA:6,1
DA:7,1
DA:8,1
DA:9,1
DA:10,1
DA:11,1
DA:12,1
DA:13,1
DA:14,1
DA:15,1
DA:16,1
DA:17,1
DA:18,1
DA:19,1
DA:20,2
DA:21,2
DA:22,2
DA:23,2
DA:24,2
DA:25,2
DA:26,2
DA:27,2
DA:28,2
DA:29,2
DA:30,2
DA:31,2
DA:32,2
DA:33,2
DA:34,2
DA:35,2
DA:36,2
DA:37,2
DA:38,2
DA:39,2
DA:40,2
DA:41,2
DA:42,2
DA:43,2
DA:44,2
DA:45,2
DA:46,0
DA:47,0
DA:48,0
DA:49,0
DA:50,0
DA:51,2
DA:52,2
DA:53,2
DA:54,2
DA:55,2
DA:56,2
DA:57,4
DA:58,4
DA:59,4
DA:60,2
DA:61,2
DA:62,2
DA:63,2
DA:64,2
DA:65,2
DA:66,1
DA:67,1
LF:67
LH:62
BRDA:19,0,0,2
BRDA:46,1,0,0
BRDA:56,2,0,4
BRF:3
BRH:2
end_of_record
TN:
SF:src\components\Form\users\UsersList\UsersList.tsx
FN:8,UsersList
FN:18,get
FNF:2
FNH:2
FNDA:1,UsersList
FNDA:1,get
DA:1,1
DA:2,1
DA:3,1
DA:4,1
DA:5,1
DA:6,1
DA:7,1
DA:8,1
DA:9,1
DA:10,1
DA:11,1
DA:12,1
DA:13,1
DA:14,1
DA:15,1
DA:16,1
DA:17,1
DA:18,1
LF:18
LH:18
BRDA:8,0,0,1
BRDA:13,1,0,1
BRDA:18,2,0,1
BRF:3
BRH:3
end_of_record
TN:
SF:src\components\Header\Header.tsx
FN:11,Header
FN:33,get
FNF:2
FNH:2
FNDA:4,Header
FNDA:3,get
DA:1,1
DA:2,1
DA:3,1
DA:4,1
DA:5,1
DA:6,1
DA:7,1
DA:8,1
DA:9,1
DA:10,1
DA:11,1
DA:12,4
DA:13,4
DA:14,4
DA:15,4
DA:16,4
DA:17,4
DA:18,4
DA:19,4
DA:20,4
DA:21,4
DA:22,4
DA:23,4
DA:24,4
DA:25,4
DA:26,4
DA:27,4
DA:28,4
DA:29,4
DA:30,4
DA:31,4
DA:32,4
DA:33,3
LF:33
LH:33
BRDA:11,0,0,4
BRDA:33,1,0,3
BRF:2
BRH:2
end_of_record
TN:
SF:src\components\Layout\Layout.tsx
FN:6,Layout
FN:15,get
FNF:2
FNH:2
FNDA:3,Layout
FNDA:1,get
DA:1,1
DA:2,1
DA:3,1
DA:4,1
DA:5,1
DA:6,1
DA:7,3
DA:8,3
DA:9,3
DA:10,3
DA:11,3
DA:12,3
DA:13,3
DA:14,3
DA:15,1
LF:15
LH:15
BRDA:6,0,0,3
BRDA:15,1,0,1
BRF:2
BRH:2
end_of_record
TN:
SF:src\components\Product\Product.tsx
FN:15,Product
FN:25,closeHandler
FN:44,onClick
FN:63,get
FNF:4
FNH:4
FNDA:6,Product
FNDA:1,closeHandler
FNDA:1,onClick
FNDA:2,get
DA:1,1
DA:2,1
DA:3,1
DA:4,1
DA:5,1
DA:6,1
DA:7,1
DA:8,1
DA:9,1
DA:10,1
DA:11,1
DA:12,1
DA:13,1
DA:14,1
DA:15,1
DA:16,6
DA:17,6
DA:18,6
DA:19,6
DA:20,6
DA:21,6
DA:22,2
DA:23,6
DA:24,6
DA:25,6
DA:26,1
DA:27,1
DA:28,1
DA:29,1
DA:30,6
DA:31,6
DA:32,4
DA:33,4
DA:34,4
DA:35,4
DA:36,4
DA:37,4
DA:38,4
DA:39,4
DA:40,4
DA:41,4
DA:42,2
DA:43,2
DA:44,2
DA:45,2
DA:46,2
DA:47,2
DA:48,2
DA:49,2
DA:50,2
DA:51,2
DA:52,6
DA:53,6
DA:54,6
DA:55,6
DA:56,6
DA:57,6
DA:58,6
DA:59,6
DA:60,6
DA:61,6
DA:62,6
DA:63,2
LF:63
LH:63
BRDA:15,0,0,6
BRDA:31,1,0,4
BRDA:41,2,0,2
BRDA:52,3,0,0
BRDA:52,4,0,2
BRDA:58,5,0,2
BRDA:21,6,0,2
BRDA:25,7,0,1
BRDA:44,8,0,1
BRDA:63,9,0,2
BRF:10
BRH:9
end_of_record
TN:
SF:src\components\Product\parts\Author\Author.tsx
FN:9,Author
FN:20,get
FNF:2
FNH:2
FNDA:2,Author
FNDA:2,get
DA:1,1
DA:2,1
DA:3,1
DA:4,1
DA:5,1
DA:6,1
DA:7,1
DA:8,1
DA:9,1
DA:10,2
DA:11,2
DA:12,2
DA:13,2
DA:14,2
DA:15,2
DA:16,2
DA:17,2
DA:18,2
DA:19,2
DA:20,2
LF:20
LH:20
BRDA:9,0,0,2
BRDA:20,1,0,2
BRF:2
BRH:2
end_of_record
TN:
SF:src\components\Product\parts\Image\Image.tsx
FN:9,Image
FN:16,onLoad
FN:26,get
FNF:3
FNH:3
FNDA:3,Image
FNDA:1,onLoad
FNDA:2,get
DA:1,1
DA:2,1
DA:3,1
DA:4,1
DA:5,1
DA:6,1
DA:7,1
DA:8,1
DA:9,1
DA:10,3
DA:11,3
DA:12,3
DA:13,3
DA:14,3
DA:15,3
DA:16,3
DA:17,1
DA:18,1
DA:19,3
DA:20,3
DA:21,3
DA:22,3
DA:23,3
DA:24,3
DA:25,3
DA:26,2
LF:26
LH:26
BRDA:9,0,0,3
BRDA:22,1,0,2
BRDA:22,2,0,1
BRDA:16,3,0,1
BRDA:26,4,0,2
BRF:5
BRH:5
end_of_record
TN:
SF:src\components\Product\parts\Info\Info.tsx
FN:12,Info
FN:31,get
FNF:2
FNH:2
FNDA:2,Info
FNDA:2,get
DA:1,1
DA:2,1
DA:3,1
DA:4,1
DA:5,1
DA:6,1
DA:7,1
DA:8,1
DA:9,1
DA:10,1
DA:11,1
DA:12,1
DA:13,2
DA:14,2
DA:15,2
DA:16,2
DA:17,2
DA:18,2
DA:19,2
DA:20,2
DA:21,2
DA:22,2
DA:23,2
DA:24,2
DA:25,2
DA:26,2
DA:27,2
DA:28,2
DA:29,2
DA:30,2
DA:31,2
LF:31
LH:31
BRDA:12,0,0,2
BRDA:27,1,0,0
BRDA:31,2,0,2
BRF:3
BRH:2
end_of_record
TN:
SF:src\components\Product\parts\Stats\Stats.tsx
FN:11,Stats
FN:25,get
FNF:2
FNH:2
FNDA:2,Stats
FNDA:2,get
DA:1,1
DA:2,1
DA:3,1
DA:4,1
DA:5,1
DA:6,1
DA:7,1
DA:8,1
DA:9,1
DA:10,1
DA:11,1
DA:12,2
DA:13,2
DA:14,2
DA:15,2
DA:16,2
DA:17,2
DA:18,2
DA:19,2
DA:20,2
DA:21,2
DA:22,2
DA:23,2
DA:24,2
DA:25,2
LF:25
LH:25
BRDA:11,0,0,2
BRDA:25,1,0,2
BRF:2
BRH:2
end_of_record
TN:
SF:src\components\Product\parts\Tags\Tags.tsx
FN:7,Tags
FN:24,get
FNF:2
FNH:2
FNDA:2,Tags
FNDA:2,get
DA:1,1
DA:2,1
DA:3,1
DA:4,1
DA:5,1
DA:6,1
DA:7,1
DA:8,2
DA:9,2
DA:10,2
DA:11,2
DA:12,2
DA:13,2
DA:14,2
DA:15,2
DA:16,2
DA:17,2
DA:18,2
DA:19,2
DA:20,0
DA:21,2
DA:22,2
DA:23,2
DA:24,2
LF:24
LH:23
BRDA:7,0,0,2
BRDA:20,1,0,0
BRDA:14,2,0,2
BRDA:24,3,0,2
BRF:4
BRH:3
end_of_record
TN:
SF:src\components\SearchBar\SearchBar.tsx
FN:11,SearchBar
FN:20,searchHandler
FN:24,submitHandler
FN:49,get
FNF:4
FNH:4
FNDA:15,SearchBar
FNDA:2,searchHandler
FNDA:2,submitHandler
FNDA:6,get
DA:1,1
DA:2,1
DA:3,1
DA:4,1
DA:5,1
DA:6,1
DA:7,1
DA:8,1
DA:9,1
DA:10,1
DA:11,1
DA:12,15
DA:13,15
DA:14,15
DA:15,15
DA:16,15
DA:17,6
DA:18,15
DA:19,15
DA:20,15
DA:21,2
DA:22,2
DA:23,15
DA:24,15
DA:25,2
DA:26,2
DA:27,2
DA:28,0
DA:29,0
DA:30,0
DA:31,2
DA:32,2
DA:33,15
DA:34,15
DA:35,15
DA:36,15
DA:37,15
DA:38,15
DA:39,15
DA:40,15
DA:41,15
DA:42,15
DA:43,15
DA:44,15
DA:45,15
DA:46,15
DA:47,15
DA:48,15
DA:49,6
LF:49
LH:46
BRDA:11,0,0,15
BRDA:12,1,0,51
BRDA:16,2,0,6
BRDA:20,3,0,2
BRDA:24,4,0,2
BRDA:27,5,0,0
BRDA:49,6,0,6
BRF:7
BRH:6
end_of_record
TN:
SF:src\components\Spinner\Spinner.tsx
FN:5,Spinner
FN:7,get
FNF:2
FNH:2
FNDA:24,Spinner
FNDA:24,get
DA:1,1
DA:2,1
DA:3,1
DA:4,1
DA:5,1
DA:6,24
DA:7,24
LF:7
LH:7
BRDA:5,0,0,24
BRDA:7,1,0,24
BRF:2
BRH:2
end_of_record
TN:
SF:src\components\cards\Card\Card.tsx
FN:16,Card
FNF:1
FNH:1
FNDA:27,Card
DA:1,1
DA:2,1
DA:3,1
DA:4,1
DA:5,1
DA:6,1
DA:7,1
DA:8,1
DA:9,1
DA:10,1
DA:11,1
DA:12,1
DA:13,1
DA:14,1
DA:15,1
DA:16,1
DA:17,27
DA:18,27
DA:19,27
DA:20,27
DA:21,27
DA:22,27
DA:23,27
DA:24,27
DA:25,27
DA:26,27
DA:27,27
DA:28,27
DA:29,27
DA:30,27
DA:31,27
DA:32,27
DA:33,27
DA:34,27
DA:35,1
DA:36,1
LF:36
LH:36
BRDA:16,0,0,27
BRDA:25,1,0,1
BRDA:25,2,0,26
BRDA:27,3,0,1
BRDA:27,4,0,26
BRF:5
BRH:5
end_of_record
TN:
SF:src\components\cards\Card\parts\Image\Image.tsx
FN:17,Image
FN:34,onLoad
FN:42,get
FNF:3
FNH:3
FNDA:27,Image
FNDA:1,onLoad
FNDA:27,get
DA:1,1
DA:2,1
DA:3,1
DA:4,1
DA:5,1
DA:6,1
DA:7,1
DA:8,1
DA:9,1
DA:10,1
DA:11,1
DA:12,1
DA:13,1
DA:14,1
DA:15,1
DA:16,1
DA:17,1
DA:18,27
DA:19,27
DA:20,27
DA:21,27
DA:22,8
DA:23,0
DA:24,0
DA:25,27
DA:26,27
DA:27,27
DA:28,27
DA:29,27
DA:30,27
DA:31,27
DA:32,27
DA:33,27
DA:34,27
DA:35,27
DA:36,27
DA:37,27
DA:38,27
DA:39,27
DA:40,27
DA:41,27
DA:42,27
LF:42
LH:40
BRDA:17,0,0,27
BRDA:21,1,0,8
BRDA:22,2,0,0
BRDA:34,3,0,1
BRDA:42,4,0,27
BRF:5
BRH:4
end_of_record
TN:
SF:src\components\cards\Card\parts\Info\Info.tsx
FN:11,Info
FN:27,get
FNF:2
FNH:2
FNDA:27,Info
FNDA:27,get
DA:1,1
DA:2,1
DA:3,1
DA:4,1
DA:5,1
DA:6,1
DA:7,1
DA:8,1
DA:9,1
DA:10,1
DA:11,1
DA:12,27
DA:13,27
DA:14,27
DA:15,27
DA:16,27
DA:17,27
DA:18,27
DA:19,27
DA:20,27
DA:21,27
DA:22,27
DA:23,27
DA:24,27
DA:25,27
DA:26,27
DA:27,27
LF:27
LH:27
BRDA:11,0,0,27
BRDA:27,1,0,27
BRF:2
BRH:2
end_of_record
TN:
SF:src\components\cards\CardsList\CardsList.tsx
FN:12,CardsList
FN:67,get
FNF:2
FNH:2
FNDA:35,CardsList
FNDA:6,get
DA:1,1
DA:2,1
DA:3,1
DA:4,1
DA:5,1
DA:6,1
DA:7,1
DA:8,1
DA:9,1
DA:10,1
DA:11,1
DA:12,1
DA:13,35
DA:14,35
DA:15,35
DA:16,35
DA:17,70
DA:18,70
DA:19,70
DA:20,70
DA:21,70
DA:22,70
DA:23,70
DA:24,70
DA:25,35
DA:26,35
DA:27,35
DA:28,35
DA:29,35
DA:30,35
DA:31,35
DA:32,35
DA:33,35
DA:34,35
DA:35,35
DA:36,35
DA:37,35
DA:38,35
DA:39,35
DA:40,35
DA:41,20
DA:42,20
DA:43,20
DA:44,20
DA:45,20
DA:46,20
DA:47,20
DA:48,35
DA:49,1
DA:50,1
DA:51,1
DA:52,1
DA:53,1
DA:54,1
DA:55,1
DA:56,1
DA:57,13
DA:58,35
DA:59,25
DA:60,25
DA:61,25
DA:62,25
DA:63,25
DA:64,35
DA:65,35
DA:66,35
DA:67,6
LF:67
LH:67
BRDA:12,0,0,35
BRDA:37,1,0,10
BRDA:37,2,0,24
BRDA:40,3,0,20
BRDA:40,4,0,20
BRDA:48,5,0,14
BRDA:48,6,0,2
BRDA:48,7,0,1
BRDA:56,8,0,13
BRDA:13,9,0,70
BRDA:16,10,0,70
BRDA:18,11,0,105
BRDA:18,12,0,48
BRDA:58,13,0,25
BRDA:60,14,0,25
BRDA:67,15,0,6
BRF:16
BRH:16
end_of_record
TN:
SF:src\helpers\formateDate.ts
FN:1,formateDate
FN:3,get
FNF:2
FNH:2
FNDA:31,formateDate
FNDA:31,get
DA:1,1
DA:2,31
DA:3,31
LF:3
LH:3
BRDA:1,0,0,31
BRDA:2,1,0,1
BRDA:3,2,0,31
BRF:3
BRH:3
end_of_record
TN:
SF:src\helpers\getExperience.ts
FN:1,getExperience
FN:31,get
FNF:2
FNH:2
FNDA:4,getExperience
FNDA:4,get
DA:1,1
DA:2,4
DA:3,1
DA:4,1
DA:5,1
DA:6,3
DA:7,3
DA:8,3
DA:9,3
DA:10,3
DA:11,3
DA:12,3
DA:13,3
DA:14,3
DA:15,3
DA:16,3
DA:17,3
DA:18,4
DA:19,1
DA:20,1
DA:21,1
DA:22,4
DA:23,2
DA:24,2
DA:25,2
DA:26,2
DA:27,2
DA:28,2
DA:29,2
DA:30,2
DA:31,4
LF:31
LH:31
BRDA:1,0,0,4
BRDA:2,1,0,3
BRDA:2,2,0,1
BRDA:18,3,0,1
BRDA:18,4,0,1
BRDA:22,5,0,2
BRDA:31,6,0,4
BRF:7
BRH:7
end_of_record
TN:
SF:src\helpers\getRandomPage.ts
FN:1,getRandomPage
FN:1,get
FNF:2
FNH:0
FNDA:0,getRandomPage
FNDA:0,get
DA:1,1
LF:1
LH:1
BRF:0
BRH:0
end_of_record
TN:
SF:src\hooks\actions.ts
FN:10,useActions
FN:14,get
FNF:2
FNH:2
FNDA:16,useActions
FNDA:16,get
DA:1,1
DA:2,1
DA:3,1
DA:4,1
DA:5,1
DA:6,1
DA:7,1
DA:8,1
DA:9,1
DA:10,1
DA:11,16
DA:12,16
DA:13,16
DA:14,16
LF:14
LH:14
BRDA:10,0,0,16
BRDA:14,1,0,16
BRF:2
BRH:2
end_of_record
TN:
SF:src\hooks\lazyLoader.ts
FN:7,useLazyLoader
FN:41,get
FNF:2
FNH:2
FNDA:36,useLazyLoader
FNDA:36,get
DA:1,1
DA:2,1
DA:3,1
DA:4,1
DA:5,1
DA:6,1
DA:7,1
DA:8,36
DA:9,36
DA:10,36
DA:11,5
DA:12,5
DA:13,5
DA:14,5
DA:15,36
DA:16,36
DA:17,36
DA:18,29
DA:19,29
DA:20,29
DA:21,29
DA:22,29
DA:23,29
DA:24,10
DA:25,10
DA:26,10
DA:27,10
DA:28,29
DA:29,36
DA:30,36
DA:31,36
DA:32,36
DA:33,26
DA:34,26
DA:35,26
DA:36,26
DA:37,36
DA:38,36
DA:39,36
DA:40,36
DA:41,36
LF:41
LH:41
BRDA:7,0,0,36
BRDA:10,1,0,5
BRDA:17,2,0,29
BRDA:23,3,0,10
BRDA:32,4,0,26
BRDA:35,5,0,1
BRDA:35,6,0,25
BRDA:41,7,0,36
BRF:8
BRH:8
end_of_record
TN:
SF:src\hooks\redux.ts
FN:4,useAppDispatch
FN:7,get
FNF:2
FNH:2
FNDA:16,useAppDispatch
FNDA:85,get
DA:1,1
DA:2,1
DA:3,1
DA:4,1
DA:5,1
DA:6,1
DA:7,1
LF:7
LH:7
BRDA:4,0,0,16
BRDA:7,1,0,85
BRF:2
BRH:2
end_of_record
TN:
SF:src\pages\404\NotFoundPage.tsx
FN:3,NotFoundPage
FN:10,get
FNF:2
FNH:2
FNDA:1,NotFoundPage
FNDA:2,get
DA:1,1
DA:2,1
DA:3,1
DA:4,1
DA:5,1
DA:6,1
DA:7,1
DA:8,1
DA:9,1
DA:10,2
LF:10
LH:10
BRDA:3,0,0,1
BRDA:10,1,0,2
BRF:2
BRH:2
end_of_record
TN:
SF:src\pages\About\AboutPage.tsx
FN:3,AboutPage
FN:15,get
FNF:2
FNH:2
FNDA:1,AboutPage
FNDA:2,get
DA:1,1
DA:2,1
DA:3,1
DA:4,1
DA:5,1
DA:6,1
DA:7,1
DA:8,1
DA:9,1
DA:10,1
DA:11,1
DA:12,1
DA:13,1
DA:14,1
DA:15,2
LF:15
LH:15
BRDA:3,0,0,1
BRDA:15,1,0,2
BRF:2
BRH:2
end_of_record
TN:
SF:src\pages\Form\FormPage.tsx
FN:5,FormPage
FN:12,get
FNF:2
FNH:2
FNDA:1,FormPage
FNDA:2,get
DA:1,1
DA:2,1
DA:3,1
DA:4,1
DA:5,1
DA:6,1
DA:7,1
DA:8,1
DA:9,1
DA:10,1
DA:11,1
DA:12,2
LF:12
LH:12
BRDA:5,0,0,1
BRDA:12,1,0,2
BRF:2
BRH:2
end_of_record
TN:
SF:src\pages\Home\HomePage.tsx
FN:8,HomePage
FN:18,get
FNF:2
FNH:2
FNDA:7,HomePage
FNDA:3,get
DA:1,1
DA:2,1
DA:3,1
DA:4,1
DA:5,1
DA:6,1
DA:7,1
DA:8,1
DA:9,7
DA:10,7
DA:11,7
DA:12,7
DA:13,7
DA:14,7
DA:15,7
DA:16,7
DA:17,7
DA:18,3
LF:18
LH:18
BRDA:8,0,0,7
BRDA:15,1,0,1
BRDA:15,2,0,5
BRDA:18,3,0,3
BRF:4
BRH:4
end_of_record
TN:
SF:src\router\routes.tsx
FN:40,get
FNF:1
FNH:1
FNDA:3,get
DA:1,1
DA:2,1
DA:3,1
DA:4,1
DA:5,1
DA:6,1
DA:7,1
DA:8,1
DA:9,1
DA:10,1
DA:11,1
DA:12,1
DA:13,1
DA:14,1
DA:15,1
DA:16,1
DA:17,1
DA:18,1
DA:19,1
DA:20,1
DA:21,1
DA:22,1
DA:23,1
DA:24,1
DA:25,1
DA:26,1
DA:27,1
DA:28,1
DA:29,1
DA:30,1
DA:31,1
DA:32,1
DA:33,1
DA:34,1
DA:35,1
DA:36,1
DA:37,1
DA:38,1
DA:39,1
DA:40,1
DA:41,1
LF:41
LH:41
BRDA:40,0,0,3
BRF:1
BRH:1
end_of_record
TN:
SF:src\store\store.ts
FN:13,setupStore
FN:17,middleware
FN:19,get
FNF:3
FNH:3
FNDA:7,setupStore
FNDA:7,middleware
FNDA:7,get
DA:1,1
DA:2,1
DA:3,1
DA:4,1
DA:5,1
DA:6,1
DA:7,1
DA:8,1
DA:9,1
DA:10,1
DA:11,1
DA:12,1
DA:13,1
DA:14,7
DA:15,7
DA:16,7
DA:17,7
DA:18,7
DA:19,7
DA:20,1
DA:21,1
DA:22,1
DA:23,1
LF:23
LH:23
BRDA:13,0,0,7
BRDA:17,1,0,7
BRDA:19,2,0,7
BRF:3
BRH:3
end_of_record
TN:
SF:src\store\reducers\formPage.slice.ts
FN:17,setUser
FN:21,get
FN:23,get
FN:25,get
FNF:4
FNH:4
FNDA:2,setUser
FNDA:1,get
FNDA:5,get
FNDA:5,get
DA:1,1
DA:2,1
DA:3,1
DA:4,1
DA:5,1
DA:6,1
DA:7,1
DA:8,1
DA:9,1
DA:10,1
DA:11,1
DA:12,1
DA:13,1
DA:14,1
DA:15,1
DA:16,1
DA:17,1
DA:18,2
DA:19,2
DA:20,1
DA:21,1
DA:22,1
DA:23,1
DA:24,1
DA:25,1
LF:25
LH:25
BRDA:17,0,0,2
BRDA:21,1,0,1
BRDA:23,2,0,5
BRDA:25,3,0,5
BRF:4
BRH:4
end_of_record
TN:
SF:src\store\reducers\homePage.slice.ts
FN:19,setSearch
FN:23,setPage
FN:27,get
FN:29,get
FN:31,get
FNF:5
FNH:4
FNDA:3,setSearch
FNDA:0,setPage
FNDA:1,get
FNDA:5,get
FNDA:5,get
DA:1,1
DA:2,1
DA:3,1
DA:4,1
DA:5,1
DA:6,1
DA:7,1
DA:8,1
DA:9,1
DA:10,1
DA:11,1
DA:12,1
DA:13,1
DA:14,1
DA:15,1
DA:16,1
DA:17,1
DA:18,1
DA:19,1
DA:20,3
DA:21,3
DA:22,1
DA:23,1
DA:24,0
DA:25,0
DA:26,1
DA:27,1
DA:28,1
DA:29,1
DA:30,1
DA:31,1
LF:31
LH:29
BRDA:19,0,0,3
BRDA:27,1,0,1
BRDA:29,2,0,5
BRDA:31,3,0,5
BRF:4
BRH:4
end_of_record
TN:
SF:src\store\reducers\unsplash.api.ts
FN:21,endpoints
FN:23,query
FN:30,transformResponse
FN:36,query
FN:43,transformResponse
FN:49,query
FN:50,transformResponse
FN:58,get
FN:60,get
FNF:9
FNH:9
FNDA:6,endpoints
FNDA:4,query
FNDA:4,transformResponse
FNDA:6,query
FNDA:6,transformResponse
FNDA:2,query
FNDA:2,transformResponse
FNDA:5,get
FNDA:34,get
DA:1,1
DA:2,1
DA:3,1
DA:4,1
DA:5,1
DA:6,1
DA:7,1
DA:8,1
DA:9,1
DA:10,1
DA:11,1
DA:12,1
DA:13,1
DA:14,1
DA:15,1
DA:16,1
DA:17,1
DA:18,1
DA:19,1
DA:20,1
DA:21,1
DA:22,6
DA:23,6
DA:24,4
DA:25,4
DA:26,4
DA:27,4
DA:28,4
DA:29,4
DA:30,6
DA:31,4
DA:32,4
DA:33,6
DA:34,6
DA:35,6
DA:36,6
DA:37,6
DA:38,6
DA:39,6
DA:40,6
DA:41,6
DA:42,6
DA:43,6
DA:44,6
DA:45,6
DA:46,6
DA:47,6
DA:48,6
DA:49,6
DA:50,6
DA:51,6
DA:52,6
DA:53,6
DA:54,6
DA:55,6
DA:56,6
DA:57,6
DA:58,6
DA:59,1
DA:60,1
LF:60
LH:60
BRDA:21,0,0,6
BRDA:23,1,0,4
BRDA:30,2,0,4
BRDA:31,3,0,0
BRDA:36,4,0,6
BRDA:43,5,0,6
BRDA:44,6,0,0
BRDA:49,7,0,2
BRDA:50,8,0,2
BRDA:50,9,0,0
BRDA:58,10,0,5
BRDA:60,11,0,34
BRF:12
BRH:9
end_of_record
TN:
SF:src\store\reducers\constants\unsplash.mock.ts
FN:45,get
FN:47,get
FN:49,get
FN:58,get
FN:75,get
FNF:5
FNH:5
FNDA:4,get
FNDA:7,get
FNDA:5,get
FNDA:1,get
FNDA:1,get
DA:1,1
DA:2,1
DA:3,1
DA:4,1
DA:5,1
DA:6,1
DA:7,1
DA:8,1
DA:9,1
DA:10,1
DA:11,1
DA:12,1
DA:13,1
DA:14,1
DA:15,1
DA:16,1
DA:17,1
DA:18,1
DA:19,1
DA:20,1
DA:21,1
DA:22,1
DA:23,1
DA:24,1
DA:25,1
DA:26,1
DA:27,1
DA:28,1
DA:29,1
DA:30,1
DA:31,1
DA:32,1
DA:33,1
DA:34,1
DA:35,1
DA:36,1
DA:37,1
DA:38,1
DA:39,1
DA:40,1
DA:41,1
DA:42,1
DA:43,1
DA:44,1
DA:45,4
DA:46,1
DA:47,1
DA:48,1
DA:49,1
DA:50,1
DA:51,1
DA:52,1
DA:53,1
DA:54,1
DA:55,1
DA:56,1
DA:57,1
DA:58,1
DA:59,1
DA:60,1
DA:61,1
DA:62,1
DA:63,1
DA:64,1
DA:65,1
DA:66,1
DA:67,1
DA:68,1
DA:69,1
DA:70,1
DA:71,1
DA:72,1
DA:73,1
DA:74,1
DA:75,1
LF:75
LH:75
BRDA:45,0,0,4
BRDA:47,1,0,7
BRDA:49,2,0,5
BRDA:58,3,0,1
BRDA:75,4,0,1
BRF:5
BRH:5
end_of_record
TN:
SF:src\store\reducers\constants\unsplash.ts
FN:1,get
FN:2,get
FN:4,get
FNF:3
FNH:3
FNDA:46,get
FNDA:12,get
FNDA:12,get
DA:1,1
DA:2,1
DA:3,1
DA:4,1
DA:5,1
DA:6,1
DA:7,1
DA:8,1
LF:8
LH:8
BRDA:1,0,0,46
BRDA:2,1,0,12
BRDA:4,2,0,13
BRDA:4,3,0,12
BRF:4
BRH:4
end_of_record
TN:
SF:src\store\reducers\helpers\prepareHeaders.ts
FN:3,prepareHeaders
FN:7,get
FNF:2
FNH:2
FNDA:12,prepareHeaders
FNDA:6,get
DA:1,1
DA:2,1
DA:3,1
DA:4,12
DA:5,12
DA:6,12
DA:7,6
LF:7
LH:7
BRDA:3,0,0,12
BRDA:7,1,0,6
BRF:2
BRH:2
end_of_record
TN:
SF:src\utils\withProviders.tsx
FN:16,renderWithProviders
FN:27,Wrapper
FN:40,get
FNF:3
FNH:3
FNDA:7,renderWithProviders
FNDA:8,Wrapper
FNDA:7,get
DA:1,1
DA:2,1
DA:3,1
DA:4,1
DA:5,1
DA:6,1
DA:7,1
DA:8,1
DA:9,1
DA:10,1
DA:11,1
DA:12,1
DA:13,1
DA:14,1
DA:15,1
DA:16,1
DA:17,7
DA:18,7
DA:19,7
DA:20,7
DA:21,7
DA:22,7
DA:23,7
DA:24,7
DA:25,7
DA:26,7
DA:27,7
DA:28,8
DA:29,5
DA:30,5
DA:31,5
DA:32,5
DA:33,5
DA:34,5
DA:35,5
DA:36,8
DA:37,2
DA:38,8
DA:39,7
DA:40,7
LF:40
LH:40
BRDA:16,0,0,7
BRDA:27,1,0,8
BRDA:28,2,0,5
BRDA:36,3,0,2
BRDA:40,4,0,7
BRF:5
BRH:5
end_of_record
TN:
SF:src\utils\type-guards\photo-array-type-guard.ts
FN:4,isPhotoArray
FN:8,get
FNF:2
FNH:2
FNDA:12,isPhotoArray
FNDA:12,get
DA:1,1
DA:2,1
DA:3,1
DA:4,1
DA:5,12
DA:6,12
DA:7,12
DA:8,12
LF:8
LH:8
BRDA:4,0,0,12
BRDA:7,1,0,21
BRDA:8,2,0,12
BRF:3
BRH:3
end_of_record
TN:
SF:src\utils\type-guards\photo-type-guard.ts
FN:16,isPhoto
FN:20,get
FNF:2
FNH:2
FNDA:25,isPhoto
FNDA:25,get
DA:1,1
DA:2,1
DA:3,1
DA:4,1
DA:5,1
DA:6,1
DA:7,1
DA:8,1
DA:9,1
DA:10,1
DA:11,1
DA:12,1
DA:13,1
DA:14,1
DA:15,1
DA:16,1
DA:17,25
DA:18,25
DA:19,25
DA:20,25
LF:20
LH:20
BRDA:16,0,0,25
BRDA:19,1,0,234
BRDA:20,2,0,25
BRF:3
BRH:3
end_of_record
