TN:
SF:src\entry-client.tsx
FN:15,hydrate
FNF:1
FNH:1
FNDA:71,hydrate
DA:13,71
DA:16,71
DA:18,71
DA:20,71
LF:4
LH:4
BRF:0
BRH:0
end_of_record
TN:
SF:src\app\App.tsx
FN:6,(anonymous_1)
FNF:1
FNH:1
FNDA:142,(anonymous_1)
DA:6,71
DA:7,142
DA:9,142
DA:10,71
DA:12,71
LF:5
LH:5
BRF:0
BRH:0
end_of_record
TN:
SF:src\components\Form\Form.tsx
FN:16,(anonymous_1)
FN:31,(anonymous_2)
FN:41,(anonymous_3)
FN:16,(anonymous_4)
FNF:4
FNH:3
FNDA:68,(anonymous_1)
FNDA:7,(anonymous_2)
FNDA:0,(anonymous_3)
FNDA:21,(anonymous_4)
DA:14,71
DA:16,71
DA:17,68
DA:18,68
DA:25,71
DA:31,68
DA:32,7
DA:34,7
DA:35,7
DA:36,7
DA:38,7
DA:39,7
DA:41,7
DA:42,0
DA:43,0
DA:47,68
DA:64,71
LF:17
LH:15
BRDA:61,0,0,14
BRDA:61,0,1,54
BRF:2
BRH:2
end_of_record
TN:
SF:src\components\Form\Modal\Modal.tsx
FN:5,(anonymous_1)
FNF:1
FNH:1
FNDA:14,(anonymous_1)
DA:5,71
DA:6,14
DA:13,71
LF:3
LH:3
BRF:0
BRH:0
end_of_record
TN:
SF:src\components\Form\fields\AddInfo\AddInfo.tsx
FN:13,(anonymous_1)
FN:15,(anonymous_2)
FN:27,(anonymous_3)
FNF:3
FNH:3
FNDA:68,(anonymous_1)
FNDA:13,(anonymous_2)
FNDA:204,(anonymous_3)
DA:11,71
DA:13,71
DA:14,68
DA:16,13
DA:18,13
DA:22,68
DA:28,204
DA:39,71
LF:8
LH:8
BRDA:18,0,0,6
BRDA:18,0,1,7
BRF:2
BRH:2
end_of_record
TN:
SF:src\components\Form\fields\Country\Country.tsx
FN:12,(anonymous_1)
FN:13,(anonymous_2)
FN:31,(anonymous_3)
FNF:3
FNH:3
FNDA:68,(anonymous_1)
FNDA:13,(anonymous_2)
FNDA:204,(anonymous_3)
DA:12,71
DA:13,68
DA:14,13
DA:17,68
DA:32,204
DA:42,71
LF:6
LH:6
BRDA:14,0,0,6
BRDA:14,0,1,7
BRF:2
BRH:2
end_of_record
TN:
SF:src\components\Form\fields\Error\FormError.tsx
FN:5,(anonymous_1)
FNF:1
FNH:1
FNDA:436,(anonymous_1)
DA:5,71
DA:6,436
DA:7,71
LF:3
LH:3
BRDA:6,0,0,72
BRDA:6,0,1,364
BRF:2
BRH:2
end_of_record
TN:
SF:src\components\Form\fields\Experience\Experience.tsx
FN:10,(anonymous_1)
FN:11,(anonymous_2)
FNF:2
FNH:2
FNDA:68,(anonymous_1)
FNDA:7,(anonymous_2)
DA:10,71
DA:11,68
DA:12,7
DA:13,7
DA:16,68
DA:27,68
DA:35,71
LF:7
LH:7
BRDA:13,0,0,0
BRDA:13,0,1,7
BRF:2
BRH:1
end_of_record
TN:
SF:src\components\Form\fields\Hire\Hire.tsx
FN:12,(anonymous_1)
FNF:1
FNH:1
FNDA:68,(anonymous_1)
DA:10,71
DA:12,71
DA:13,68
DA:17,68
DA:34,71
LF:5
LH:5
BRF:0
BRH:0
end_of_record
TN:
SF:src\components\Form\fields\Photo\Photo.tsx
FN:11,(anonymous_1)
FN:14,(anonymous_2)
FN:20,(anonymous_3)
FNF:3
FNH:3
FNDA:96,(anonymous_1)
FNDA:49,(anonymous_2)
FNDA:7,(anonymous_3)
DA:11,96
DA:12,96
DA:14,96
DA:15,49
DA:16,7
DA:20,96
DA:21,7
DA:22,7
DA:23,7
DA:24,7
DA:28,96
DA:35,96
DA:54,71
LF:13
LH:13
BRDA:15,0,0,7
BRDA:21,1,0,7
BRDA:49,2,0,28
BRDA:49,2,1,68
BRF:4
BRH:4
end_of_record
TN:
SF:src\components\Form\fields\UserName\UserName.tsx
FN:10,(anonymous_1)
FNF:1
FNH:1
FNDA:68,(anonymous_1)
DA:10,71
DA:11,68
DA:21,68
DA:31,71
LF:4
LH:4
BRF:0
BRH:0
end_of_record
TN:
SF:src\components\Form\users\User\User.tsx
FN:19,(anonymous_1)
FN:56,(anonymous_2)
FNF:2
FNH:2
FNDA:14,(anonymous_1)
FNDA:38,(anonymous_2)
DA:17,71
DA:19,71
DA:20,14
DA:22,14
DA:57,38
DA:65,71
DA:67,71
LF:7
LH:7
BRDA:42,0,0,12
BRDA:42,0,1,2
BRF:2
BRH:2
end_of_record
TN:
SF:src\components\Form\users\UsersList\UsersList.tsx
FN:8,(anonymous_1)
FN:9,(anonymous_2)
FN:13,(anonymous_3)
FN:8,(anonymous_4)
FNF:4
FNH:4
FNDA:56,(anonymous_1)
FNDA:69,(anonymous_2)
FNDA:14,(anonymous_3)
FNDA:21,(anonymous_4)
DA:8,71
DA:9,71
DA:11,56
DA:14,14
DA:18,71
LF:5
LH:5
BRF:0
BRH:0
end_of_record
TN:
SF:src\components\Header\Header.tsx
FN:11,(anonymous_1)
FN:11,(anonymous_2)
FNF:2
FNH:2
FNDA:282,(anonymous_1)
FNDA:64,(anonymous_2)
DA:9,71
DA:11,282
DA:12,282
DA:14,282
DA:33,71
LF:5
LH:5
BRF:0
BRH:0
end_of_record
TN:
SF:src\components\Layout\Layout.tsx
FN:6,(anonymous_1)
FNF:1
FNH:1
FNDA:128,(anonymous_1)
DA:6,71
DA:7,128
DA:15,71
LF:3
LH:3
BRF:0
BRH:0
end_of_record
TN:
SF:src\components\Product\Product.tsx
FN:15,(anonymous_1)
FN:21,(anonymous_2)
FN:25,(anonymous_3)
FN:44,(anonymous_4)
FN:15,(anonymous_5)
FNF:5
FNH:5
FNDA:192,(anonymous_1)
FNDA:64,(anonymous_2)
FNDA:32,(anonymous_3)
FNDA:32,(anonymous_4)
FNDA:8,(anonymous_5)
DA:13,71
DA:15,192
DA:16,192
DA:17,192
DA:19,192
DA:21,192
DA:22,64
DA:25,192
DA:26,32
DA:28,32
DA:31,192
DA:32,128
DA:41,64
DA:44,32
DA:63,71
LF:15
LH:15
BRDA:31,0,0,128
BRDA:52,1,0,18
BRDA:52,1,1,46
BRF:3
BRH:3
end_of_record
TN:
SF:src\components\Product\parts\Author\Author.tsx
FN:9,(anonymous_1)
FNF:1
FNH:1
FNDA:64,(anonymous_1)
DA:7,71
DA:9,71
DA:10,64
DA:20,71
LF:4
LH:4
BRF:0
BRH:0
end_of_record
TN:
SF:src\components\Product\parts\Image\Image.tsx
FN:9,(anonymous_1)
FN:16,(anonymous_2)
FNF:2
FNH:2
FNDA:72,(anonymous_1)
FNDA:4,(anonymous_2)
DA:7,71
DA:9,72
DA:10,72
DA:12,72
DA:17,4
DA:26,71
LF:6
LH:6
BRDA:22,0,0,64
BRDA:22,0,1,8
BRF:2
BRH:2
end_of_record
TN:
SF:src\components\Product\parts\Info\Info.tsx
FN:12,(anonymous_1)
FNF:1
FNH:1
FNDA:64,(anonymous_1)
DA:10,71
DA:12,71
DA:13,64
DA:31,71
LF:4
LH:4
BRDA:17,0,0,64
BRDA:17,0,1,42
BRDA:27,1,0,64
BRDA:27,1,1,12
BRF:4
BRH:4
end_of_record
TN:
SF:src\components\Product\parts\Stats\Stats.tsx
FN:11,(anonymous_1)
FNF:1
FNH:1
FNDA:64,(anonymous_1)
DA:9,71
DA:11,71
DA:12,64
DA:25,71
LF:4
LH:4
BRF:0
BRH:0
end_of_record
TN:
SF:src\components\Product\parts\Tags\Tags.tsx
FN:7,(anonymous_1)
FN:14,(anonymous_2)
FNF:2
FNH:2
FNDA:64,(anonymous_1)
FNDA:192,(anonymous_2)
DA:5,71
DA:7,71
DA:8,64
DA:15,192
DA:24,71
LF:5
LH:5
BRDA:10,0,0,64
BRDA:10,0,1,0
BRF:2
BRH:1
end_of_record
TN:
SF:src\components\SearchBar\SearchBar.tsx
FN:10,(anonymous_1)
FN:11,(anonymous_2)
FN:15,(anonymous_3)
FN:19,(anonymous_4)
FN:23,(anonymous_5)
FN:10,(anonymous_6)
FNF:6
FNH:6
FNDA:532,(anonymous_1)
FNDA:918,(anonymous_2)
FNDA:112,(anonymous_3)
FNDA:91,(anonymous_4)
FNDA:20,(anonymous_5)
FNDA:49,(anonymous_6)
DA:10,532
DA:11,918
DA:12,532
DA:13,532
DA:15,532
DA:16,112
DA:19,532
DA:20,91
DA:23,532
DA:24,20
DA:26,20
DA:29,26
DA:44,21
LF:13
LH:13
BRF:0
BRH:0
end_of_record
TN:
SF:src\components\Spinner\Spinner.tsx
FN:5,(anonymous_1)
FNF:1
FNH:1
FNDA:184,(anonymous_1)
DA:5,71
DA:6,184
DA:7,71
LF:3
LH:3
BRF:0
BRH:0
end_of_record
TN:
SF:src\components\cards\Card\Card.tsx
FN:16,(anonymous_1)
FNF:1
FNH:1
FNDA:26208,(anonymous_1)
DA:9,71
DA:16,26208
DA:17,26208
DA:18,26208
DA:20,26208
DA:34,71
DA:36,71
LF:7
LH:7
BRDA:25,0,0,10500
BRDA:25,0,1,15708
BRDA:27,1,0,10500
BRDA:27,1,1,15708
BRF:4
BRH:4
end_of_record
TN:
SF:src\components\cards\Card\parts\Image\Image.tsx
FN:17,(anonymous_1)
FN:26,(anonymous_2)
FNF:2
FNH:2
FNDA:26208,(anonymous_1)
FNDA:693,(anonymous_2)
DA:15,71
DA:17,71
DA:18,26208
DA:20,26208
DA:26,693
DA:34,71
LF:6
LH:6
BRF:0
BRH:0
end_of_record
TN:
SF:src\components\cards\Card\parts\Info\Info.tsx
FN:11,(anonymous_1)
FNF:1
FNH:1
FNDA:26208,(anonymous_1)
DA:9,71
DA:11,71
DA:12,26208
DA:14,26208
DA:27,71
LF:5
LH:5
BRF:0
BRH:0
end_of_record
TN:
SF:src\components\cards\CardsList\CardsList.tsx
FN:12,(anonymous_1)
FN:13,(anonymous_2)
FN:16,(anonymous_3)
FN:18,(anonymous_4)
FN:58,(anonymous_5)
FN:60,(anonymous_6)
FN:12,(anonymous_7)
FNF:7
FNH:7
FNDA:986,(anonymous_1)
FNDA:1372,(anonymous_2)
FNDA:1323,(anonymous_3)
FNDA:3881,(anonymous_4)
FNDA:3552,(anonymous_5)
FNDA:24864,(anonymous_6)
FNDA:49,(anonymous_7)
DA:12,986
DA:13,1372
DA:14,986
DA:16,986
DA:17,1323
DA:18,3881
DA:21,1323
DA:23,1323
DA:26,986
DA:30,986
DA:35,986
DA:40,986
DA:41,56
DA:48,930
DA:49,42
DA:56,888
DA:59,3552
DA:61,24864
DA:67,71
LF:19
LH:19
BRDA:18,0,0,3881
BRDA:18,0,1,691
BRDA:26,1,0,0
BRDA:30,2,0,410
BRDA:37,3,0,112
BRDA:37,3,1,874
BRDA:40,4,0,56
BRDA:40,5,0,986
BRDA:40,5,1,368
BRDA:48,6,0,42
BRDA:48,7,0,930
BRDA:48,7,1,618
BRDA:48,7,2,56
BRF:13
BRH:12
end_of_record
TN:
SF:src\helpers\formateDate.ts
FN:1,(anonymous_0)
FNF:1
FNH:1
FNDA:26272,(anonymous_0)
DA:1,71
DA:2,26272
LF:2
LH:2
BRDA:2,0,0,26272
BRDA:2,0,1,0
BRF:2
BRH:1
end_of_record
TN:
SF:src\helpers\getExperience.ts
FN:1,(anonymous_0)
FNF:1
FNH:1
FNDA:14,(anonymous_0)
DA:1,71
DA:2,14
DA:3,0
DA:6,14
DA:7,14
DA:8,14
DA:10,14
DA:11,14
DA:13,14
DA:14,14
DA:16,14
DA:18,14
DA:19,0
DA:22,14
DA:23,14
DA:26,14
DA:27,12
DA:30,14
LF:18
LH:16
BRDA:2,0,0,0
BRDA:18,1,0,0
BRDA:18,2,0,14
BRDA:18,2,1,2
BRDA:22,3,0,14
BRDA:26,4,0,12
BRF:6
BRH:4
end_of_record
TN:
SF:src\helpers\getRandomPage.ts
FN:1,(anonymous_0)
FNF:1
FNH:1
FNDA:6,(anonymous_0)
DA:1,70
LF:1
LH:1
BRF:0
BRH:0
end_of_record
TN:
SF:src\hooks\actions.ts
FN:10,(anonymous_0)
FNF:1
FNH:1
FNDA:600,(anonymous_0)
DA:5,71
DA:10,71
DA:11,600
DA:13,600
LF:4
LH:4
BRF:0
BRH:0
end_of_record
TN:
SF:src\hooks\lazyLoader.ts
FN:7,(anonymous_0)
FN:10,(anonymous_1)
FN:17,(anonymous_2)
FN:32,(anonymous_3)
FNF:4
FNH:4
FNDA:986,(anonymous_0)
FNDA:98,(anonymous_1)
FNDA:154,(anonymous_2)
FNDA:15708,(anonymous_3)
DA:7,71
DA:8,986
DA:10,986
DA:11,98
DA:12,98
DA:13,98
DA:17,986
DA:18,154
DA:19,154
DA:21,154
DA:23,154
DA:24,448
DA:25,448
DA:28,154
DA:31,986
DA:33,15708
DA:35,15708
DA:40,986
LF:18
LH:18
BRDA:11,0,0,98
BRDA:19,1,0,154
BRDA:19,1,1,42
BRDA:35,2,0,7140
BRDA:35,2,1,8568
BRF:5
BRH:5
end_of_record
TN:
SF:src\hooks\redux.ts
FN:4,(anonymous_0)
FNF:1
FNH:1
FNDA:600,(anonymous_0)
DA:4,600
DA:5,71
LF:2
LH:2
BRF:0
BRH:0
end_of_record
TN:
SF:src\pages\404\NotFoundPage.tsx
FN:3,(anonymous_1)
FNF:1
FNH:1
FNDA:14,(anonymous_1)
DA:3,71
DA:4,14
DA:10,71
LF:3
LH:3
BRF:0
BRH:0
end_of_record
TN:
SF:src\pages\About\AboutPage.tsx
FN:3,(anonymous_1)
FNF:1
FNH:1
FNDA:14,(anonymous_1)
DA:3,71
DA:4,14
DA:15,71
LF:3
LH:3
BRF:0
BRH:0
end_of_record
TN:
SF:src\pages\Form\FormPage.tsx
FN:5,(anonymous_1)
FNF:1
FNH:1
FNDA:42,(anonymous_1)
DA:5,71
DA:6,42
DA:12,71
LF:3
LH:3
BRF:0
BRH:0
end_of_record
TN:
SF:src\pages\Home\HomePage.tsx
FN:8,(anonymous_1)
FN:8,(anonymous_2)
FNF:2
FNH:2
FNDA:226,(anonymous_1)
FNDA:49,(anonymous_2)
DA:8,226
DA:9,226
DA:11,226
DA:18,71
LF:4
LH:4
BRDA:15,0,0,64
BRDA:15,0,1,162
BRF:2
BRH:2
end_of_record
TN:
SF:src\router\routes.tsx
FNF:0
FNH:0
DA:6,71
DA:8,71
LF:2
LH:2
BRF:0
BRH:0
end_of_record
TN:
SF:src\store\store.ts
FN:13,(anonymous_0)
FN:17,(anonymous_1)
FNF:2
FNH:2
FNDA:71,(anonymous_0)
FNDA:71,(anonymous_1)
DA:5,71
DA:7,71
DA:13,71
DA:14,71
DA:17,71
LF:5
LH:5
BRF:0
BRH:0
end_of_record
TN:
SF:src\store\reducers\formPage.slice.ts
FN:17,(anonymous_0)
FNF:1
FNH:1
FNDA:7,(anonymous_0)
DA:9,71
DA:13,71
DA:18,7
DA:23,71
DA:25,71
LF:5
LH:5
BRF:0
BRH:0
end_of_record
TN:
SF:src\store\reducers\homePage.slice.ts
FN:19,(anonymous_0)
FNF:1
FNH:1
FNDA:20,(anonymous_0)
DA:9,71
DA:15,71
DA:20,20
DA:25,7
DA:27,71
LF:5
LH:5
BRF:0
BRH:0
end_of_record
TN:
SF:src\store\reducers\unsplash.api.ts
FN:21,(anonymous_0)
FN:23,(anonymous_1)
FN:30,(anonymous_2)
FN:36,(anonymous_3)
FN:43,(anonymous_4)
FN:49,(anonymous_5)
FN:50,(anonymous_6)
FNF:7
FNH:6
FNDA:71,(anonymous_0)
FNDA:6,(anonymous_1)
FNDA:0,(anonymous_2)
FNDA:63,(anonymous_3)
FNDA:57,(anonymous_4)
FNDA:32,(anonymous_5)
FNDA:32,(anonymous_6)
DA:15,71
DA:21,71
DA:23,6
DA:31,0
DA:36,63
DA:44,57
DA:49,32
DA:50,32
DA:60,71
LF:9
LH:8
BRDA:31,0,0,0
BRDA:31,0,1,0
BRDA:44,1,0,57
BRDA:44,1,1,0
BRDA:50,2,0,32
BRDA:50,2,1,0
BRF:6
BRH:2
end_of_record
TN:
SF:src\store\reducers\helpers\prepareHeaders.ts
FN:3,(anonymous_0)
FNF:1
FNH:1
FNDA:101,(anonymous_0)
DA:3,71
DA:4,101
DA:6,101
LF:3
LH:3
BRF:0
BRH:0
end_of_record
TN:
SF:src\utils\type-guards\photo-array-type-guard.ts
FN:4,isPhotoArray
FN:7,(anonymous_1)
FNF:2
FNH:2
FNDA:57,isPhotoArray
FNDA:196,(anonymous_1)
DA:5,57
DA:7,196
LF:2
LH:2
BRDA:7,0,0,57
BRDA:7,0,1,57
BRF:2
BRH:2
end_of_record
TN:
SF:src\utils\type-guards\photo-type-guard.ts
FN:16,isPhoto
FN:19,(anonymous_1)
FNF:2
FNH:2
FNDA:228,isPhoto
FNDA:2280,(anonymous_1)
DA:3,71
DA:17,228
DA:19,2280
LF:3
LH:3
BRF:0
BRH:0
end_of_record
